# JRE version: Java(TM) SE Runtime Environment (17.0.7+8) (build 17.0.7+8-LTS-224)
# Java VM: Java HotSpot(TM) 64-Bit Server VM (17.0.7+8-LTS-224, mixed mode, sharing, tiered, compressed oops, compressed class ptrs, g1 gc, windows-amd64)
GC Precious Log:
 CPUs: 8 total, 8 available
 Memory: 16179M
 Large Page Support: Disabled
 NUMA Support: Disabled
 Compressed Oops: Enabled (Zero based)
 Heap Region Size: 2M
 Heap Min Capacity: 8M
 Heap Initial Capacity: 254M
 Heap Max Capacity: 4046M
 Pre-touch: Disabled
 Parallel Workers: 8
 Concurrent Workers: 2
 Concurrent Refinement Workers: 8
 Periodic GC: Disabled
Heap:
 garbage-first heap   total 90112K, used 44388K [0x0000000703200000, 0x0000000800000000)
  region size 2048K, 9 young (18432K), 3 survivors (6144K)
 Metaspace       used 56819K, committed 57408K, reserved 1105920K
  class space    used 7610K, committed 7936K, reserved 1048576K
GC Heap History (20 events):
Event: 5.765 GC heap before
{Heap before GC invocations=3 (full 0):
 garbage-first heap   total 260096K, used 20462K [0x0000000703200000, 0x0000000800000000)
  region size 2048K, 7 young (14336K), 4 survivors (8192K)
 Metaspace       used 21228K, committed 21504K, reserved 1073152K
  class space    used 2627K, committed 2752K, reserved 1048576K
}
Event: 5.771 GC heap after
{Heap after GC invocations=4 (full 0):
 garbage-first heap   total 260096K, used 16787K [0x0000000703200000, 0x0000000800000000)
  region size 2048K, 4 young (8192K), 4 survivors (8192K)
 Metaspace       used 21228K, committed 21504K, reserved 1073152K
  class space    used 2627K, committed 2752K, reserved 1048576K
}
Event: 6.931 GC heap before
{Heap before GC invocations=5 (full 0):
 garbage-first heap   total 69632K, used 47507K [0x0000000703200000, 0x0000000800000000)
  region size 2048K, 20 young (40960K), 4 survivors (8192K)
 Metaspace       used 24992K, committed 25280K, reserved 1073152K
  class space    used 3062K, committed 3200K, reserved 1048576K
}
Event: 6.943 GC heap after
{Heap after GC invocations=6 (full 0):
 garbage-first heap   total 69632K, used 18373K [0x0000000703200000, 0x0000000800000000)
  region size 2048K, 2 young (4096K), 2 survivors (4096K)
 Metaspace       used 24992K, committed 25280K, reserved 1073152K
  class space    used 3062K, committed 3200K, reserved 1048576K
}
Event: 7.018 GC heap before
{Heap before GC invocations=6 (full 0):
 garbage-first heap   total 69632K, used 20421K [0x0000000703200000, 0x0000000800000000)
  region size 2048K, 3 young (6144K), 2 survivors (4096K)
 Metaspace       used 25026K, committed 25280K, reserved 1073152K
  class space    used 3067K, committed 3200K, reserved 1048576K
}
Event: 7.025 GC heap after
{Heap after GC invocations=7 (full 0):
 garbage-first heap   total 69632K, used 19144K [0x0000000703200000, 0x0000000800000000)
  region size 2048K, 1 young (2048K), 1 survivors (2048K)
 Metaspace       used 25026K, committed 25280K, reserved 1073152K
  class space    used 3067K, committed 3200K, reserved 1048576K
}
Event: 8.117 GC heap before
{Heap before GC invocations=7 (full 0):
 garbage-first heap   total 69632K, used 43720K [0x0000000703200000, 0x0000000800000000)
  region size 2048K, 14 young (28672K), 1 survivors (2048K)
 Metaspace       used 27677K, committed 27968K, reserved 1073152K
  class space    used 3442K, committed 3584K, reserved 1048576K
}
Event: 8.127 GC heap after
{Heap after GC invocations=8 (full 0):
 garbage-first heap   total 69632K, used 20604K [0x0000000703200000, 0x0000000800000000)
  region size 2048K, 2 young (4096K), 2 survivors (4096K)
 Metaspace       used 27677K, committed 27968K, reserved 1073152K
  class space    used 3442K, committed 3584K, reserved 1048576K
}
Event: 9.181 GC heap before
{Heap before GC invocations=8 (full 0):
 garbage-first heap   total 69632K, used 47228K [0x0000000703200000, 0x0000000800000000)
  region size 2048K, 15 young (30720K), 2 survivors (4096K)
 Metaspace       used 32304K, committed 32768K, reserved 1081344K
  class space    used 4080K, committed 4288K, reserved 1048576K
}
Event: 9.195 GC heap after
{Heap after GC invocations=9 (full 0):
 garbage-first heap   total 69632K, used 22924K [0x0000000703200000, 0x0000000800000000)
  region size 2048K, 2 young (4096K), 2 survivors (4096K)
 Metaspace       used 32304K, committed 32768K, reserved 1081344K
  class space    used 4080K, committed 4288K, reserved 1048576K
}
Event: 9.817 GC heap before
{Heap before GC invocations=9 (full 0):
 garbage-first heap   total 69632K, used 47500K [0x0000000703200000, 0x0000000800000000)
  region size 2048K, 14 young (28672K), 2 survivors (4096K)
 Metaspace       used 34733K, committed 35136K, reserved 1081344K
  class space    used 4400K, committed 4608K, reserved 1048576K
}
Event: 9.833 GC heap after
{Heap after GC invocations=10 (full 0):
 garbage-first heap   total 90112K, used 24961K [0x0000000703200000, 0x0000000800000000)
  region size 2048K, 1 young (2048K), 1 survivors (2048K)
 Metaspace       used 34733K, committed 35136K, reserved 1081344K
  class space    used 4400K, committed 4608K, reserved 1048576K
}
Event: 10.110 GC heap before
{Heap before GC invocations=10 (full 0):
 garbage-first heap   total 90112K, used 37249K [0x0000000703200000, 0x0000000800000000)
  region size 2048K, 8 young (16384K), 1 survivors (2048K)
 Metaspace       used 35535K, committed 35968K, reserved 1081344K
  class space    used 4512K, committed 4736K, reserved 1048576K
}
Event: 10.118 GC heap after
{Heap after GC invocations=11 (full 0):
 garbage-first heap   total 90112K, used 24900K [0x0000000703200000, 0x0000000800000000)
  region size 2048K, 1 young (2048K), 1 survivors (2048K)
 Metaspace       used 35535K, committed 35968K, reserved 1081344K
  class space    used 4512K, committed 4736K, reserved 1048576K
}
Event: 11.688 GC heap before
{Heap before GC invocations=12 (full 0):
 garbage-first heap   total 90112K, used 65860K [0x0000000703200000, 0x0000000800000000)
  region size 2048K, 21 young (43008K), 1 survivors (2048K)
 Metaspace       used 42453K, committed 42944K, reserved 1089536K
  class space    used 5524K, committed 5760K, reserved 1048576K
}
Event: 11.703 GC heap after
{Heap after GC invocations=13 (full 0):
 garbage-first heap   total 90112K, used 27810K [0x0000000703200000, 0x0000000800000000)
  region size 2048K, 3 young (6144K), 3 survivors (6144K)
 Metaspace       used 42453K, committed 42944K, reserved 1089536K
  class space    used 5524K, committed 5760K, reserved 1048576K
}
Event: 13.614 GC heap before
{Heap before GC invocations=13 (full 0):
 garbage-first heap   total 90112K, used 66722K [0x0000000703200000, 0x0000000800000000)
  region size 2048K, 22 young (45056K), 3 survivors (6144K)
 Metaspace       used 47954K, committed 48448K, reserved 1097728K
  class space    used 6414K, committed 6656K, reserved 1048576K
}
Event: 13.621 GC heap after
{Heap after GC invocations=14 (full 0):
 garbage-first heap   total 90112K, used 31078K [0x0000000703200000, 0x0000000800000000)
  region size 2048K, 3 young (6144K), 3 survivors (6144K)
 Metaspace       used 47954K, committed 48448K, reserved 1097728K
  class space    used 6414K, committed 6656K, reserved 1048576K
}
Event: 44.730 GC heap before
{Heap before GC invocations=14 (full 0):
 garbage-first heap   total 90112K, used 67942K [0x0000000703200000, 0x0000000800000000)
  region size 2048K, 21 young (43008K), 3 survivors (6144K)
 Metaspace       used 53797K, committed 54336K, reserved 1097728K
  class space    used 7211K, committed 7488K, reserved 1048576K
}
Event: 44.741 GC heap after
{Heap after GC invocations=15 (full 0):
 garbage-first heap   total 90112K, used 34148K [0x0000000703200000, 0x0000000800000000)
  region size 2048K, 3 young (6144K), 3 survivors (6144K)
 Metaspace       used 53797K, committed 54336K, reserved 1097728K
  class space    used 7211K, committed 7488K, reserved 1048576K
}

