# JRE version: Java(TM) SE Runtime Environment (17.0.7+8) (build 17.0.7+8-LTS-224)
# Java VM: Java HotSpot(TM) 64-Bit Server VM (17.0.7+8-LTS-224, mixed mode, sharing, tiered, compressed oops, compressed class ptrs, g1 gc, windows-amd64)
GC Precious Log:
 CPUs: 8 total, 8 available
 Memory: 16179M
 Large Page Support: Disabled
 NUMA Support: Disabled
 Compressed Oops: Enabled (Zero based)
 Heap Region Size: 2M
 Heap Min Capacity: 8M
 Heap Initial Capacity: 254M
 Heap Max Capacity: 4046M
 Pre-touch: Disabled
 Parallel Workers: 8
 Concurrent Workers: 2
 Concurrent Refinement Workers: 8
 Periodic GC: Disabled
Heap:
 garbage-first heap   total 96256K, used 57588K [0x0000000703200000, 0x0000000800000000)
  region size 2048K, 3 young (6144K), 2 survivors (4096K)
 Metaspace       used 89120K, committed 89728K, reserved 1130496K
  class space    used 12319K, committed 12608K, reserved 1048576K
GC Heap History (20 events):
Event: 47.065 GC heap before
{Heap before GC invocations=18 (full 0):
 garbage-first heap   total 96256K, used 76088K [0x0000000703200000, 0x0000000800000000)
  region size 2048K, 22 young (45056K), 3 survivors (6144K)
 Metaspace       used 76392K, committed 76864K, reserved 1122304K
  class space    used 10385K, committed 10624K, reserved 1048576K
}
Event: 47.073 GC heap after
{Heap after GC invocations=19 (full 0):
 garbage-first heap   total 96256K, used 39439K [0x0000000703200000, 0x0000000800000000)
  region size 2048K, 3 young (6144K), 3 survivors (6144K)
 Metaspace       used 76392K, committed 76864K, reserved 1122304K
  class space    used 10385K, committed 10624K, reserved 1048576K
}
Event: 48.204 GC heap before
{Heap before GC invocations=19 (full 0):
 garbage-first heap   total 96256K, used 72207K [0x0000000703200000, 0x0000000800000000)
  region size 2048K, 20 young (40960K), 3 survivors (6144K)
 Metaspace       used 78280K, committed 78848K, reserved 1122304K
  class space    used 10684K, committed 10944K, reserved 1048576K
}
Event: 48.211 GC heap after
{Heap after GC invocations=20 (full 0):
 garbage-first heap   total 96256K, used 42206K [0x0000000703200000, 0x0000000800000000)
  region size 2048K, 3 young (6144K), 3 survivors (6144K)
 Metaspace       used 78280K, committed 78848K, reserved 1122304K
  class space    used 10684K, committed 10944K, reserved 1048576K
}
Event: 49.316 GC heap before
{Heap before GC invocations=20 (full 0):
 garbage-first heap   total 96256K, used 74974K [0x0000000703200000, 0x0000000800000000)
  region size 2048K, 20 young (40960K), 3 survivors (6144K)
 Metaspace       used 79909K, committed 80448K, reserved 1122304K
  class space    used 10877K, committed 11136K, reserved 1048576K
}
Event: 49.327 GC heap after
{Heap after GC invocations=21 (full 0):
 garbage-first heap   total 96256K, used 44196K [0x0000000703200000, 0x0000000800000000)
  region size 2048K, 3 young (6144K), 3 survivors (6144K)
 Metaspace       used 79909K, committed 80448K, reserved 1122304K
  class space    used 10877K, committed 11136K, reserved 1048576K
}
Event: 50.319 GC heap before
{Heap before GC invocations=21 (full 0):
 garbage-first heap   total 96256K, used 76964K [0x0000000703200000, 0x0000000800000000)
  region size 2048K, 19 young (38912K), 3 survivors (6144K)
 Metaspace       used 81638K, committed 82240K, reserved 1122304K
  class space    used 11088K, committed 11392K, reserved 1048576K
}
Event: 50.325 GC heap after
{Heap after GC invocations=22 (full 0):
 garbage-first heap   total 96256K, used 46887K [0x0000000703200000, 0x0000000800000000)
  region size 2048K, 3 young (6144K), 3 survivors (6144K)
 Metaspace       used 81638K, committed 82240K, reserved 1122304K
  class space    used 11088K, committed 11392K, reserved 1048576K
}
Event: 52.122 GC heap before
{Heap before GC invocations=22 (full 0):
 garbage-first heap   total 96256K, used 77607K [0x0000000703200000, 0x0000000800000000)
  region size 2048K, 18 young (36864K), 3 survivors (6144K)
 Metaspace       used 83103K, committed 83648K, reserved 1122304K
  class space    used 11333K, committed 11584K, reserved 1048576K
}
Event: 52.136 GC heap after
{Heap after GC invocations=23 (full 0):
 garbage-first heap   total 96256K, used 49093K [0x0000000703200000, 0x0000000800000000)
  region size 2048K, 3 young (6144K), 3 survivors (6144K)
 Metaspace       used 83103K, committed 83648K, reserved 1122304K
  class space    used 11333K, committed 11584K, reserved 1048576K
}
Event: 53.619 GC heap before
{Heap before GC invocations=23 (full 0):
 garbage-first heap   total 96256K, used 77765K [0x0000000703200000, 0x0000000800000000)
  region size 2048K, 17 young (34816K), 3 survivors (6144K)
 Metaspace       used 83906K, committed 84480K, reserved 1122304K
  class space    used 11463K, committed 11712K, reserved 1048576K
}
Event: 53.626 GC heap after
{Heap after GC invocations=24 (full 0):
 garbage-first heap   total 96256K, used 50921K [0x0000000703200000, 0x0000000800000000)
  region size 2048K, 3 young (6144K), 3 survivors (6144K)
 Metaspace       used 83906K, committed 84480K, reserved 1122304K
  class space    used 11463K, committed 11712K, reserved 1048576K
}
Event: 54.752 GC heap before
{Heap before GC invocations=25 (full 0):
 garbage-first heap   total 96256K, used 77545K [0x0000000703200000, 0x0000000800000000)
  region size 2048K, 16 young (32768K), 3 survivors (6144K)
 Metaspace       used 84338K, committed 84864K, reserved 1122304K
  class space    used 11585K, committed 11840K, reserved 1048576K
}
Event: 54.757 GC heap after
{Heap after GC invocations=26 (full 0):
 garbage-first heap   total 96256K, used 52412K [0x0000000703200000, 0x0000000800000000)
  region size 2048K, 2 young (4096K), 2 survivors (4096K)
 Metaspace       used 84338K, committed 84864K, reserved 1122304K
  class space    used 11585K, committed 11840K, reserved 1048576K
}
Event: 55.623 GC heap before
{Heap before GC invocations=26 (full 0):
 garbage-first heap   total 96256K, used 76988K [0x0000000703200000, 0x0000000800000000)
  region size 2048K, 14 young (28672K), 2 survivors (4096K)
 Metaspace       used 85429K, committed 86016K, reserved 1130496K
  class space    used 11764K, committed 12032K, reserved 1048576K
}
Event: 55.629 GC heap after
{Heap after GC invocations=27 (full 0):
 garbage-first heap   total 96256K, used 53850K [0x0000000703200000, 0x0000000800000000)
  region size 2048K, 2 young (4096K), 2 survivors (4096K)
 Metaspace       used 85429K, committed 86016K, reserved 1130496K
  class space    used 11764K, committed 12032K, reserved 1048576K
}
Event: 57.483 GC heap before
{Heap before GC invocations=28 (full 0):
 garbage-first heap   total 96256K, used 78426K [0x0000000703200000, 0x0000000800000000)
  region size 2048K, 14 young (28672K), 2 survivors (4096K)
 Metaspace       used 86147K, committed 86720K, reserved 1130496K
  class space    used 11862K, committed 12160K, reserved 1048576K
}
Event: 57.490 GC heap after
{Heap after GC invocations=29 (full 0):
 garbage-first heap   total 96256K, used 55522K [0x0000000703200000, 0x0000000800000000)
  region size 2048K, 2 young (4096K), 2 survivors (4096K)
 Metaspace       used 86147K, committed 86720K, reserved 1130496K
  class space    used 11862K, committed 12160K, reserved 1048576K
}
Event: 58.810 GC heap before
{Heap before GC invocations=29 (full 0):
 garbage-first heap   total 96256K, used 78050K [0x0000000703200000, 0x0000000800000000)
  region size 2048K, 13 young (26624K), 2 survivors (4096K)
 Metaspace       used 88888K, committed 89472K, reserved 1130496K
  class space    used 12279K, committed 12544K, reserved 1048576K
}
Event: 58.818 GC heap after
{Heap after GC invocations=30 (full 0):
 garbage-first heap   total 96256K, used 57588K [0x0000000703200000, 0x0000000800000000)
  region size 2048K, 2 young (4096K), 2 survivors (4096K)
 Metaspace       used 88888K, committed 89472K, reserved 1130496K
  class space    used 12279K, committed 12544K, reserved 1048576K
}

